<?xml version="1.0" encoding="UTF-8"?>
<!-- Generated by org.testng.reporters.JUnitReportReporter -->
<testsuite hostname="DESKTOP-IEHN5CK" failures="0" tests="1" name="com.LW.test.checklist7" time="42.453" errors="0" timestamp="2022-04-05T14:52:53 IST" skipped="0">
  <testcase classname="com.LW.test.checklist7" name="Cheklist7_IndividualUser_TillPreviewPage" time="42.453"/>
  <system-out>
    <![CDATA[Login as individual user,check the document till preview page woking fine]]>
  </system-out>
</testsuite> <!-- com.LW.test.checklist7 -->
