<?xml version="1.0" encoding="UTF-8"?>
<!-- Generated by org.testng.reporters.JUnitReportReporter -->
<testsuite hostname="ActiveMac03s-iMac.local" failures="0" tests="1" name="com.LW.test.CheckList1" time="37.590" errors="0" timestamp="2022-03-31T16:04:57 IST" skipped="0">
  <testcase classname="com.LW.test.CheckList1" name="Checklist1_InternalLogin" time="37.590"/>
  <system-out>
    <![CDATA[Internal login working fine]]>
  </system-out>
</testsuite> <!-- com.LW.test.CheckList1 -->
