<?xml version="1.0" encoding="UTF-8"?>
<!-- Generated by org.testng.reporters.JUnitReportReporter -->
<testsuite hostname="ActiveMac03s-iMac.local" failures="0" tests="1" name="com.LW.test.checklist8" time="53.791" errors="0" timestamp="2022-02-10T15:50:25 IST" skipped="0">
  <testcase classname="com.LW.test.checklist8" name="Cheklist8_InternalUser_TillPreviewPage" time="53.791"/>
  <system-out>
    <![CDATA[Login as internal user,check the document till preview page woking fine
Document is in cart, click on edit from the cart , Its working fine]]>
  </system-out>
</testsuite> <!-- com.LW.test.checklist8 -->
