<?xml version="1.0" encoding="UTF-8"?>
<!-- Generated by org.testng.reporters.JUnitReportReporter -->
<testsuite hostname="ActiveMac03s-iMac.local" failures="0" tests="1" name="com.LW.test.Checklist3And4" time="49.500" errors="0" timestamp="2022-03-31T16:08:23 IST" skipped="0">
  <testcase classname="com.LW.test.Checklist3And4" name="Checklist3and4_backend_EQuestionnaireForNewAndOldDocument" time="49.500"/>
  <system-out>
    <![CDATA[backend EQuestionnaire For New And OldDocument working fine]]>
  </system-out>
</testsuite> <!-- com.LW.test.Checklist3And4 -->
