<?xml version="1.0" encoding="UTF-8"?>
<!-- Generated by org.testng.reporters.JUnitReportReporter -->
<testsuite skipped="0" hostname="mahajan" name="com.LW.test.checklist7" tests="1" failures="0" timestamp="27 Jan 2022 11:55:06 GMT" time="47.500" errors="0">
  <testcase name="Cheklist7_IndividualUser_TillPreviewPage" time="47.500" classname="com.LW.test.checklist7"/>
</testsuite> <!-- com.LW.test.checklist7 -->
