<?xml version="1.0" encoding="UTF-8"?>
<!-- Generated by org.testng.reporters.JUnitReportReporter -->
<testsuite skipped="0" hostname="mahajan" name="com.LW.test.checklist8" tests="1" failures="0" timestamp="27 Jan 2022 11:56:46 GMT" time="63.154" errors="0">
  <testcase name="Cheklist8_InternalUser_TillPreviewPage" time="63.154" classname="com.LW.test.checklist8"/>
</testsuite> <!-- com.LW.test.checklist8 -->
