<?xml version="1.0" encoding="UTF-8"?>
<!-- Generated by org.testng.reporters.JUnitReportReporter -->
<testsuite hostname="DESKTOP-IEHN5CK" failures="0" tests="1" name="com.LW.test.CheckList1" time="22.813" errors="0" timestamp="2022-04-05T13:52:44 IST" skipped="0">
  <testcase classname="com.LW.test.CheckList1" name="Checklist1_InternalLogin" time="22.813"/>
  <system-out>
    <![CDATA[Internal login working fine]]>
  </system-out>
</testsuite> <!-- com.LW.test.CheckList1 -->
