<?xml version="1.0" encoding="UTF-8"?>
<!-- Generated by org.testng.reporters.JUnitReportReporter -->
<testsuite hostname="ActiveMac03s-iMac.local" failures="0" tests="1" name="com.LW.test.Checklist2" time="61.579" errors="0" timestamp="2022-03-31T16:06:27 IST" skipped="0">
  <testcase classname="com.LW.test.Checklist2" name="Checklist2_backend" time="61.579"/>
  <system-out>
    <![CDATA[backend login working fine]]>
  </system-out>
</testsuite> <!-- com.LW.test.Checklist2 -->
