<?xml version="1.0" encoding="UTF-8"?>
<!-- Generated by org.testng.reporters.JUnitReportReporter -->
<testsuite hostname="DESKTOP-IEHN5CK" failures="0" tests="1" name="com.LW.test.Checklist2" time="31.089" errors="0" timestamp="2022-04-05T12:49:18 IST" skipped="0">
  <testcase classname="com.LW.test.Checklist2" name="Checklist2_backend" time="31.089"/>
  <system-out>
    <![CDATA[backend login working fine]]>
  </system-out>
</testsuite> <!-- com.LW.test.Checklist2 -->
