<?xml version="1.0" encoding="UTF-8"?>
<!-- Generated by org.testng.reporters.JUnitReportReporter -->
<testsuite skipped="0" hostname="mahajan" name="com.LW.test.Checklist3And4" tests="1" failures="0" timestamp="29 Jan 2022 06:32:01 GMT" time="53.369" errors="0">
  <testcase name="Checklist3and4_backend_EQuestionnaireForNewAndOldDocument" time="53.369" classname="com.LW.test.Checklist3And4"/>
</testsuite> <!-- com.LW.test.Checklist3And4 -->
