<?xml version="1.0" encoding="UTF-8"?>
<!-- Generated by org.testng.reporters.JUnitReportReporter -->
<testsuite hostname="ActiveMac03s-iMac.local" failures="0" tests="1" name="com.LW.test.checklist8" time="62.949" errors="0" timestamp="06 Jan 2022 11:37:47 GMT" skipped="0">
  <testcase classname="com.LW.test.checklist8" name="test" time="62.949"/>
</testsuite> <!-- com.LW.test.checklist8 -->
