<?xml version="1.0" encoding="UTF-8"?>
<!-- Generated by org.testng.reporters.JUnitReportReporter -->
<testsuite hostname="ActiveMac03s-iMac.local" failures="0" tests="1" name="com.LW.test.Checklist2" time="39.927" errors="0" timestamp="10 Jan 2022 09:05:30 GMT" skipped="0">
  <testcase classname="com.LW.test.Checklist2" name="Checklist2_backend" time="39.927"/>
</testsuite> <!-- com.LW.test.Checklist2 -->
